2021-06-23 15:54:07.531  INFO 39441 --- [main] lavalink.server.Launcher                 : 

[32m       .  [31m _                  _ _       _    [32m__ _ _
[32m      /\\ [31m| | __ ___   ____ _| (_)_ __ | | __[32m\ \ \ \
[32m     ( ( )[31m| |/ _` \ \ / / _` | | | '_ \| |/ /[32m \ \ \ \
[32m      \\/ [31m| | (_| |\ V / (_| | | | | | |   < [32m  ) ) ) )
[32m       '  [31m|_|\__,_| \_/ \__,_|_|_|_| |_|_|\_\[32m / / / /
[0m    =========================================[32m/_/_/_/[0m

	Version:        2ac6bf4e0dcab9ba7493b0494316b8bee698913d-SNAPSHOT
	Build:          1232
	Build time:     20.04.2021 07:05:21 UTC
	Branch          master
	Commit:         2ac6bf4
	Commit time:    20.04.2021 07:02:46 UTC
	JVM:            13.0.7
	Lavaplayer      1.3.76

2021-06-23 15:54:07.816  INFO 39441 --- [main] lavalink.server.Launcher                 : Starting Launcher on LyricalBox with PID 39441 (/home/azureuser/Azami/Lavalink.jar started by azureuser in /home/azureuser/Azami)
2021-06-23 15:54:07.816  INFO 39441 --- [main] lavalink.server.Launcher                 : No active profile set, falling back to default profiles: default
2021-06-23 15:54:08.051  WARN 39441 --- [background-preinit] o.s.h.c.j.Jackson2ObjectMapperBuilder    : For Jackson Kotlin classes support please add "com.fasterxml.jackson.module:jackson-module-kotlin" to the classpath
2021-06-23 15:54:10.190  WARN 39441 --- [main] io.undertow.websockets.jsr               : UT026010: Buffer pool was not set on WebSocketDeploymentInfo, the default pool will be used
2021-06-23 15:54:10.239  INFO 39441 --- [main] io.undertow.servlet                      : Initializing Spring embedded WebApplicationContext
2021-06-23 15:54:10.245  INFO 39441 --- [main] o.s.web.context.ContextLoader            : Root WebApplicationContext: initialization completed in 2285 ms
2021-06-23 15:54:10.831  WARN 39441 --- [main] l.server.config.SentryConfiguration      : Turning off sentry
2021-06-23 15:54:11.408  INFO 39441 --- [main] c.s.d.l.tools.GarbageCollectionMonitor   : GC monitoring enabled, reporting results every 2 minutes.
2021-06-23 15:54:11.706  INFO 39441 --- [main] lavalink.server.config.KoeConfiguration  : OS: Linux, Arch: amd64
2021-06-23 15:54:11.707  INFO 39441 --- [main] lavalink.server.config.KoeConfiguration  : Enabling JDA-NAS
2021-06-23 15:54:11.711  INFO 39441 --- [main] c.s.l.c.natives.NativeLibraryLoader      : Native library udpqueue: loading with filter null
2021-06-23 15:54:11.720  INFO 39441 --- [main] c.s.l.c.natives.NativeLibraryLoader      : Native library udpqueue: successfully loaded.
2021-06-23 15:54:12.220  INFO 39441 --- [main] o.s.s.concurrent.ThreadPoolTaskExecutor  : Initializing ExecutorService 'applicationTaskExecutor'
2021-06-23 15:54:12.789  INFO 39441 --- [main] org.xnio                                 : XNIO version 3.3.8.Final
2021-06-23 15:54:12.808  INFO 39441 --- [main] org.xnio.nio                             : XNIO NIO Implementation Version 3.3.8.Final
2021-06-23 15:54:12.906  INFO 39441 --- [main] o.s.b.w.e.u.UndertowServletWebServer     : Undertow started on port(s) 8080 (http) with context path ''
2021-06-23 15:54:12.917  INFO 39441 --- [main] lavalink.server.Launcher                 : Started Launcher in 6.794 seconds (JVM running for 7.748)
2021-06-23 15:54:12.922  INFO 39441 --- [main] lavalink.server.Launcher                 : You can safely ignore the big red warning about illegal reflection. See https://github.com/freyacodes/Lavalink/issues/295
2021-06-23 15:55:22.006  INFO 39441 --- [Thread-1] o.s.s.concurrent.ThreadPoolTaskExecutor  : Shutting down ExecutorService 'applicationTaskExecutor'
2021-06-23 15:55:22.008  INFO 39441 --- [Thread-1] c.s.d.l.tools.GarbageCollectionMonitor   : GC monitoring disabled.
2021-06-23 15:55:31.448  INFO 39496 --- [main] lavalink.server.Launcher                 : 

[32m       .  [31m _                  _ _       _    [32m__ _ _
[32m      /\\ [31m| | __ ___   ____ _| (_)_ __ | | __[32m\ \ \ \
[32m     ( ( )[31m| |/ _` \ \ / / _` | | | '_ \| |/ /[32m \ \ \ \
[32m      \\/ [31m| | (_| |\ V / (_| | | | | | |   < [32m  ) ) ) )
[32m       '  [31m|_|\__,_| \_/ \__,_|_|_|_| |_|_|\_\[32m / / / /
[0m    =========================================[32m/_/_/_/[0m

	Version:        2ac6bf4e0dcab9ba7493b0494316b8bee698913d-SNAPSHOT
	Build:          1232
	Build time:     20.04.2021 07:05:21 UTC
	Branch          master
	Commit:         2ac6bf4
	Commit time:    20.04.2021 07:02:46 UTC
	JVM:            13.0.7
	Lavaplayer      1.3.76

2021-06-23 15:55:31.714  INFO 39496 --- [main] lavalink.server.Launcher                 : Starting Launcher on LyricalBox with PID 39496 (/home/azureuser/Azami/Lavalink.jar started by azureuser in /home/azureuser/Azami)
2021-06-23 15:55:31.716  INFO 39496 --- [main] lavalink.server.Launcher                 : No active profile set, falling back to default profiles: default
2021-06-23 15:55:31.975  WARN 39496 --- [background-preinit] o.s.h.c.j.Jackson2ObjectMapperBuilder    : For Jackson Kotlin classes support please add "com.fasterxml.jackson.module:jackson-module-kotlin" to the classpath
2021-06-23 15:55:34.101  WARN 39496 --- [main] io.undertow.websockets.jsr               : UT026010: Buffer pool was not set on WebSocketDeploymentInfo, the default pool will be used
2021-06-23 15:55:34.145  INFO 39496 --- [main] io.undertow.servlet                      : Initializing Spring embedded WebApplicationContext
2021-06-23 15:55:34.145  INFO 39496 --- [main] o.s.web.context.ContextLoader            : Root WebApplicationContext: initialization completed in 2296 ms
2021-06-23 15:55:34.697  WARN 39496 --- [main] l.server.config.SentryConfiguration      : Turning off sentry
2021-06-23 15:55:35.247  INFO 39496 --- [main] c.s.d.l.tools.GarbageCollectionMonitor   : GC monitoring enabled, reporting results every 2 minutes.
2021-06-23 15:55:35.576  INFO 39496 --- [main] lavalink.server.config.KoeConfiguration  : OS: Linux, Arch: amd64
2021-06-23 15:55:35.577  INFO 39496 --- [main] lavalink.server.config.KoeConfiguration  : Enabling JDA-NAS
2021-06-23 15:55:35.580  INFO 39496 --- [main] c.s.l.c.natives.NativeLibraryLoader      : Native library udpqueue: loading with filter null
2021-06-23 15:55:35.583  INFO 39496 --- [main] c.s.l.c.natives.NativeLibraryLoader      : Native library udpqueue: successfully loaded.
2021-06-23 15:55:36.038  INFO 39496 --- [main] o.s.s.concurrent.ThreadPoolTaskExecutor  : Initializing ExecutorService 'applicationTaskExecutor'
2021-06-23 15:55:36.563  INFO 39496 --- [main] org.xnio                                 : XNIO version 3.3.8.Final
2021-06-23 15:55:36.577  INFO 39496 --- [main] org.xnio.nio                             : XNIO NIO Implementation Version 3.3.8.Final
2021-06-23 15:55:36.699  INFO 39496 --- [main] o.s.b.w.e.u.UndertowServletWebServer     : Undertow started on port(s) 8080 (http) with context path ''
2021-06-23 15:55:36.709  INFO 39496 --- [main] lavalink.server.Launcher                 : Started Launcher in 6.567 seconds (JVM running for 7.454)
2021-06-23 15:55:36.711  INFO 39496 --- [main] lavalink.server.Launcher                 : You can safely ignore the big red warning about illegal reflection. See https://github.com/freyacodes/Lavalink/issues/295
2021-06-23 15:56:49.240  INFO 39496 --- [Thread-1] o.s.s.concurrent.ThreadPoolTaskExecutor  : Shutting down ExecutorService 'applicationTaskExecutor'
2021-06-23 15:56:49.242  INFO 39496 --- [Thread-1] c.s.d.l.tools.GarbageCollectionMonitor   : GC monitoring disabled.
2021-06-23 15:56:57.292  INFO 39553 --- [main] lavalink.server.Launcher                 : 

[32m       .  [31m _                  _ _       _    [32m__ _ _
[32m      /\\ [31m| | __ ___   ____ _| (_)_ __ | | __[32m\ \ \ \
[32m     ( ( )[31m| |/ _` \ \ / / _` | | | '_ \| |/ /[32m \ \ \ \
[32m      \\/ [31m| | (_| |\ V / (_| | | | | | |   < [32m  ) ) ) )
[32m       '  [31m|_|\__,_| \_/ \__,_|_|_|_| |_|_|\_\[32m / / / /
[0m    =========================================[32m/_/_/_/[0m

	Version:        2ac6bf4e0dcab9ba7493b0494316b8bee698913d-SNAPSHOT
	Build:          1232
	Build time:     20.04.2021 07:05:21 UTC
	Branch          master
	Commit:         2ac6bf4
	Commit time:    20.04.2021 07:02:46 UTC
	JVM:            13.0.7
	Lavaplayer      1.3.76

2021-06-23 15:56:57.539  INFO 39553 --- [main] lavalink.server.Launcher                 : Starting Launcher on LyricalBox with PID 39553 (/home/azureuser/Azami/Lavalink.jar started by azureuser in /home/azureuser/Azami)
2021-06-23 15:56:57.540  INFO 39553 --- [main] lavalink.server.Launcher                 : No active profile set, falling back to default profiles: default
2021-06-23 15:56:57.753  WARN 39553 --- [background-preinit] o.s.h.c.j.Jackson2ObjectMapperBuilder    : For Jackson Kotlin classes support please add "com.fasterxml.jackson.module:jackson-module-kotlin" to the classpath
2021-06-23 15:56:59.758  WARN 39553 --- [main] io.undertow.websockets.jsr               : UT026010: Buffer pool was not set on WebSocketDeploymentInfo, the default pool will be used
2021-06-23 15:56:59.803  INFO 39553 --- [main] io.undertow.servlet                      : Initializing Spring embedded WebApplicationContext
2021-06-23 15:56:59.803  INFO 39553 --- [main] o.s.web.context.ContextLoader            : Root WebApplicationContext: initialization completed in 2130 ms
2021-06-23 15:57:00.323  WARN 39553 --- [main] l.server.config.SentryConfiguration      : Turning off sentry
2021-06-23 15:57:00.871  INFO 39553 --- [main] c.s.d.l.tools.GarbageCollectionMonitor   : GC monitoring enabled, reporting results every 2 minutes.
2021-06-23 15:57:01.229  INFO 39553 --- [main] lavalink.server.config.KoeConfiguration  : OS: Linux, Arch: amd64
2021-06-23 15:57:01.230  INFO 39553 --- [main] lavalink.server.config.KoeConfiguration  : Enabling JDA-NAS
2021-06-23 15:57:01.241  INFO 39553 --- [main] c.s.l.c.natives.NativeLibraryLoader      : Native library udpqueue: loading with filter null
2021-06-23 15:57:01.250  INFO 39553 --- [main] c.s.l.c.natives.NativeLibraryLoader      : Native library udpqueue: successfully loaded.
2021-06-23 15:57:01.714  INFO 39553 --- [main] o.s.s.concurrent.ThreadPoolTaskExecutor  : Initializing ExecutorService 'applicationTaskExecutor'
2021-06-23 15:57:02.211  INFO 39553 --- [main] org.xnio                                 : XNIO version 3.3.8.Final
2021-06-23 15:57:02.229  INFO 39553 --- [main] org.xnio.nio                             : XNIO NIO Implementation Version 3.3.8.Final
2021-06-23 15:57:02.341  INFO 39553 --- [main] o.s.b.w.e.u.UndertowServletWebServer     : Undertow started on port(s) 8080 (http) with context path ''
2021-06-23 15:57:02.349  INFO 39553 --- [main] lavalink.server.Launcher                 : Started Launcher in 6.253 seconds (JVM running for 7.131)
2021-06-23 15:57:02.351  INFO 39553 --- [main] lavalink.server.Launcher                 : You can safely ignore the big red warning about illegal reflection. See https://github.com/freyacodes/Lavalink/issues/295
2021-06-23 15:57:23.821  INFO 39553 --- [XNIO-1 task-1] io.undertow.servlet                      : Initializing Spring DispatcherServlet 'dispatcherServlet'
2021-06-23 15:57:23.828  INFO 39553 --- [XNIO-1 task-1] o.s.web.servlet.DispatcherServlet        : Initializing Servlet 'dispatcherServlet'
2021-06-23 15:57:23.842  INFO 39553 --- [XNIO-1 task-1] o.s.web.servlet.DispatcherServlet        : Completed initialization in 14 ms
2021-06-23 15:57:23.881  INFO 39553 --- [XNIO-1 task-1] l.server.io.HandshakeInterceptorImpl     : Incoming connection from /127.0.0.1:54798
2021-06-23 15:57:24.024  INFO 39553 --- [XNIO-1 task-1] lavalink.server.io.SocketServer          : Connection successfully established from /127.0.0.1:54798
2021-06-23 15:59:06.343  INFO 39553 --- [Thread-1] o.s.s.concurrent.ThreadPoolTaskExecutor  : Shutting down ExecutorService 'applicationTaskExecutor'
2021-06-23 15:59:06.346  INFO 39553 --- [Thread-1] c.s.d.l.tools.GarbageCollectionMonitor   : GC monitoring disabled.
2021-06-23 15:59:06.349  INFO 39553 --- [Thread-1] io.undertow.servlet                      : Destroying Spring FrameworkServlet 'dispatcherServlet'
2021-06-23 15:59:06.357 ERROR 39553 --- [XNIO-1 I/O-1] org.xnio.listener                        : XNIO001007: A channel event listener threw an exception

java.util.concurrent.RejectedExecutionException: XNIO007007: Thread is terminating
	at org.xnio.nio.WorkerThread.execute(WorkerThread.java:590) ~[xnio-nio-3.3.8.Final.jar!/:3.3.8.Final]
	at io.undertow.websockets.jsr.UndertowSession$3.handleEvent(UndertowSession.java:396) ~[undertow-websockets-jsr-2.0.26.Final.jar!/:2.0.26.Final]
	at io.undertow.websockets.jsr.UndertowSession$3.handleEvent(UndertowSession.java:388) ~[undertow-websockets-jsr-2.0.26.Final.jar!/:2.0.26.Final]
	at org.xnio.ChannelListeners.invokeChannelListener(ChannelListeners.java:92) ~[xnio-api-3.3.8.Final.jar!/:3.3.8.Final]
	at io.undertow.server.protocol.framed.AbstractFramedChannel$FrameCloseListener.handleEvent(AbstractFramedChannel.java:1063) ~[undertow-core-2.0.26.Final.jar!/:2.0.26.Final]
	at io.undertow.server.protocol.framed.AbstractFramedChannel$FrameCloseListener.handleEvent(AbstractFramedChannel.java:978) ~[undertow-core-2.0.26.Final.jar!/:2.0.26.Final]
	at org.xnio.ChannelListeners.invokeChannelListener(ChannelListeners.java:92) ~[xnio-api-3.3.8.Final.jar!/:3.3.8.Final]
	at org.xnio.conduits.WriteReadyHandler$ChannelListenerHandler.terminated(WriteReadyHandler.java:70) ~[xnio-api-3.3.8.Final.jar!/:3.3.8.Final]
	at org.xnio.nio.NioSocketConduit.writeTerminated(NioSocketConduit.java:234) ~[xnio-nio-3.3.8.Final.jar!/:3.3.8.Final]
	at org.xnio.nio.NioSocketConduit.terminateWrites(NioSocketConduit.java:223) ~[xnio-nio-3.3.8.Final.jar!/:3.3.8.Final]
	at org.xnio.nio.NioSocketConduit.truncateWrites(NioSocketConduit.java:228) ~[xnio-nio-3.3.8.Final.jar!/:3.3.8.Final]
	at io.undertow.conduits.IdleTimeoutConduit.truncateWrites(IdleTimeoutConduit.java:387) ~[undertow-core-2.0.26.Final.jar!/:2.0.26.Final]
	at org.xnio.conduits.ConduitStreamSinkChannel.close(ConduitStreamSinkChannel.java:186) ~[xnio-api-3.3.8.Final.jar!/:3.3.8.Final]
	at org.xnio.IoUtils.safeClose(IoUtils.java:134) ~[xnio-api-3.3.8.Final.jar!/:3.3.8.Final]
	at org.xnio.conduits.WriteReadyHandler$ChannelListenerHandler.forceTermination(WriteReadyHandler.java:57) ~[xnio-api-3.3.8.Final.jar!/:3.3.8.Final]
	at org.xnio.nio.NioSocketConduit.forceTermination(NioSocketConduit.java:107) ~[xnio-nio-3.3.8.Final.jar!/:3.3.8.Final]
	at org.xnio.nio.WorkerThread.run(WorkerThread.java:494) ~[xnio-nio-3.3.8.Final.jar!/:3.3.8.Final]

